# JRE version: Java(TM) SE Runtime Environment (8.0_91-b14) (build 1.8.0_91-b14)
# Java VM: Java HotSpot(TM) 64-Bit Server VM (25.91-b14 mixed mode windows-amd64 compressed oops)
Heap:
 PSYoungGen      total 76800K, used 53328K [0x00000000eb100000, 0x00000000f2780000, 0x0000000100000000)
  eden space 38400K, 56% used [0x00000000eb100000,0x00000000ec650888,0x00000000ed680000)
  from space 38400K, 82% used [0x00000000efe00000,0x00000000f1cc38a0,0x00000000f2380000)
  to   space 40448K, 0% used [0x00000000ed680000,0x00000000ed680000,0x00000000efe00000)
 ParOldGen       total 285184K, used 276017K [0x00000000c1200000, 0x00000000d2880000, 0x00000000eb100000)
  object space 285184K, 96% used [0x00000000c1200000,0x00000000d1f8c7d8,0x00000000d2880000)
 Metaspace       used 9101K, capacity 9269K, committed 9472K, reserved 1058816K
  class space    used 872K, capacity 947K, committed 1024K, reserved 1048576K
GC Heap History (10 events):
Event: 878.487 GC heap before
{Heap before GC invocations=318 (full 12):
 PSYoungGen      total 64512K, used 62478K [0x00000000eb100000, 0x00000000f0e00000, 0x0000000100000000)
  eden space 37888K, 100% used [0x00000000eb100000,0x00000000ed600000,0x00000000ed600000)
  from space 26624K, 92% used [0x00000000ed700000,0x00000000eef038a0,0x00000000ef100000)
  to   space 28672K, 0% used [0x00000000ef200000,0x00000000ef200000,0x00000000f0e00000)
 ParOldGen       total 285184K, used 272019K [0x00000000c1200000, 0x00000000d2880000, 0x00000000eb100000)
  object space 285184K, 95% used [0x00000000c1200000,0x00000000d1ba4f48,0x00000000d2880000)
 Metaspace       used 9101K, capacity 9269K, committed 9472K, reserved 1058816K
  class space    used 872K, capacity 947K, committed 1024K, reserved 1048576K
Event: 878.508 GC heap after
Heap after GC invocations=318 (full 12):
 PSYoungGen      total 64512K, used 26862K [0x00000000eb100000, 0x00000000f1100000, 0x0000000100000000)
  eden space 35840K, 0% used [0x00000000eb100000,0x00000000eb100000,0x00000000ed400000)
  from space 28672K, 93% used [0x00000000ef200000,0x00000000f0c3b8a0,0x00000000f0e00000)
  to   space 30720K, 0% used [0x00000000ed400000,0x00000000ed400000,0x00000000ef200000)
 ParOldGen       total 285184K, used 272019K [0x00000000c1200000, 0x00000000d2880000, 0x00000000eb100000)
  object space 285184K, 95% used [0x00000000c1200000,0x00000000d1ba4f48,0x00000000d2880000)
 Metaspace       used 9101K, capacity 9269K, committed 9472K, reserved 1058816K
  class space    used 872K, capacity 947K, committed 1024K, reserved 1048576K
}
Event: 884.561 GC heap before
{Heap before GC invocations=319 (full 12):
 PSYoungGen      total 64512K, used 62702K [0x00000000eb100000, 0x00000000f1100000, 0x0000000100000000)
  eden space 35840K, 100% used [0x00000000eb100000,0x00000000ed400000,0x00000000ed400000)
  from space 28672K, 93% used [0x00000000ef200000,0x00000000f0c3b8a0,0x00000000f0e00000)
  to   space 30720K, 0% used [0x00000000ed400000,0x00000000ed400000,0x00000000ef200000)
 ParOldGen       total 285184K, used 272019K [0x00000000c1200000, 0x00000000d2880000, 0x00000000eb100000)
  object space 285184K, 95% used [0x00000000c1200000,0x00000000d1ba4f48,0x00000000d2880000)
 Metaspace       used 9101K, capacity 9269K, committed 9472K, reserved 1058816K
  class space    used 872K, capacity 947K, committed 1024K, reserved 1048576K
Event: 884.597 GC heap after
Heap after GC invocations=319 (full 12):
 PSYoungGen      total 66560K, used 28910K [0x00000000eb100000, 0x00000000f1880000, 0x0000000100000000)
  eden space 35840K, 0% used [0x00000000eb100000,0x00000000eb100000,0x00000000ed400000)
  from space 30720K, 94% used [0x00000000ed400000,0x00000000ef03b8a0,0x00000000ef200000)
  to   space 33280K, 0% used [0x00000000ef800000,0x00000000ef800000,0x00000000f1880000)
 ParOldGen       total 285184K, used 272019K [0x00000000c1200000, 0x00000000d2880000, 0x00000000eb100000)
  object space 285184K, 95% used [0x00000000c1200000,0x00000000d1ba4f48,0x00000000d2880000)
 Metaspace       used 9101K, capacity 9269K, committed 9472K, reserved 1058816K
  class space    used 872K, capacity 947K, committed 1024K, reserved 1048576K
}
Event: 890.633 GC heap before
{Heap before GC invocations=320 (full 12):
 PSYoungGen      total 66560K, used 64750K [0x00000000eb100000, 0x00000000f1880000, 0x0000000100000000)
  eden space 35840K, 100% used [0x00000000eb100000,0x00000000ed400000,0x00000000ed400000)
  from space 30720K, 94% used [0x00000000ed400000,0x00000000ef03b8a0,0x00000000ef200000)
  to   space 33280K, 0% used [0x00000000ef800000,0x00000000ef800000,0x00000000f1880000)
 ParOldGen       total 285184K, used 272019K [0x00000000c1200000, 0x00000000d2880000, 0x00000000eb100000)
  object space 285184K, 95% used [0x00000000c1200000,0x00000000d1ba4f48,0x00000000d2880000)
 Metaspace       used 9101K, capacity 9269K, committed 9472K, reserved 1058816K
  class space    used 872K, capacity 947K, committed 1024K, reserved 1048576K
Event: 890.669 GC heap after
Heap after GC invocations=320 (full 12):
 PSYoungGen      total 70144K, used 29646K [0x00000000eb100000, 0x00000000f1d80000, 0x0000000100000000)
  eden space 36864K, 0% used [0x00000000eb100000,0x00000000eb100000,0x00000000ed500000)
  from space 33280K, 89% used [0x00000000ef800000,0x00000000f14f38a0,0x00000000f1880000)
  to   space 35840K, 0% used [0x00000000ed500000,0x00000000ed500000,0x00000000ef800000)
 ParOldGen       total 285184K, used 273427K [0x00000000c1200000, 0x00000000d2880000, 0x00000000eb100000)
  object space 285184K, 95% used [0x00000000c1200000,0x00000000d1d04f48,0x00000000d2880000)
 Metaspace       used 9101K, capacity 9269K, committed 9472K, reserved 1058816K
  class space    used 872K, capacity 947K, committed 1024K, reserved 1048576K
}
Event: 896.989 GC heap before
{Heap before GC invocations=321 (full 12):
 PSYoungGen      total 70144K, used 66510K [0x00000000eb100000, 0x00000000f1d80000, 0x0000000100000000)
  eden space 36864K, 100% used [0x00000000eb100000,0x00000000ed500000,0x00000000ed500000)
  from space 33280K, 89% used [0x00000000ef800000,0x00000000f14f38a0,0x00000000f1880000)
  to   space 35840K, 0% used [0x00000000ed500000,0x00000000ed500000,0x00000000ef800000)
 ParOldGen       total 285184K, used 273427K [0x00000000c1200000, 0x00000000d2880000, 0x00000000eb100000)
  object space 285184K, 95% used [0x00000000c1200000,0x00000000d1d04f48,0x00000000d2880000)
 Metaspace       used 9101K, capacity 9269K, committed 9472K, reserved 1058816K
  class space    used 872K, capacity 947K, committed 1024K, reserved 1048576K
Event: 897.012 GC heap after
Heap after GC invocations=321 (full 12):
 PSYoungGen      total 72704K, used 31004K [0x00000000eb100000, 0x00000000f2380000, 0x0000000100000000)
  eden space 36864K, 0% used [0x00000000eb100000,0x00000000eb100000,0x00000000ed500000)
  from space 35840K, 86% used [0x00000000ed500000,0x00000000ef347130,0x00000000ef800000)
  to   space 38400K, 0% used [0x00000000efe00000,0x00000000efe00000,0x00000000f2380000)
 ParOldGen       total 285184K, used 274331K [0x00000000c1200000, 0x00000000d2880000, 0x00000000eb100000)
  object space 285184K, 96% used [0x00000000c1200000,0x00000000d1de6f48,0x00000000d2880000)
 Metaspace       used 9101K, capacity 9269K, committed 9472K, reserved 1058816K
  class space    used 872K, capacity 947K, committed 1024K, reserved 1048576K
}
Event: 903.212 GC heap before
{Heap before GC invocations=322 (full 12):
 PSYoungGen      total 72704K, used 67868K [0x00000000eb100000, 0x00000000f2380000, 0x0000000100000000)
  eden space 36864K, 100% used [0x00000000eb100000,0x00000000ed500000,0x00000000ed500000)
  from space 35840K, 86% used [0x00000000ed500000,0x00000000ef347130,0x00000000ef800000)
  to   space 38400K, 0% used [0x00000000efe00000,0x00000000efe00000,0x00000000f2380000)
 ParOldGen       total 285184K, used 274331K [0x00000000c1200000, 0x00000000d2880000, 0x00000000eb100000)
  object space 285184K, 96% used [0x00000000c1200000,0x00000000d1de6f48,0x00000000d2880000)
 Metaspace       used 9101K, capacity 9269K, committed 9472K, reserved 1058816K
  class space    used 872K, capacity 947K, committed 1024K, reserved 1048576K
Event: 903.250 GC heap after
Heap after GC invocations=322 (full 12):
 PSYoungGen      total 76800K, used 31502K [0x00000000eb100000, 0x00000000f2780000, 0x0000000100000000)
  eden space 38400K, 0% used [0x00000000eb100000,0x00000000eb100000,0x00000000ed680000)
  from space 38400K, 82% used [0x00000000efe00000,0x00000000f1cc38a0,0x00000000f2380000)
  to   space 40448K, 0% used [0x00000000ed680000,0x00000000ed680000,0x00000000efe00000)
 ParOldGen       total 285184K, used 276017K [0x00000000c1200000, 0x00000000d2880000, 0x00000000eb100000)
  object space 285184K, 96% used [0x00000000c1200000,0x00000000d1f8c7d8,0x00000000d2880000)
 Metaspace       used 9101K, capacity 9269K, committed 9472K, reserved 1058816K
  class space    used 872K, capacity 947K, committed 1024K, reserved 1048576K
}

